<?xml version="1.0" encoding="UTF-8"?><testrun name="SampleTxServiceTests" project="prj_aop" tests="1" started="1" failures="0" errors="1" ignored="0">
  <testsuite name="com.ict.service.SampleTxServiceTests" time="0.254">
    <testcase name="testInsert" classname="com.ict.service.SampleTxServiceTests" time="0.254">
      <error>org.springframework.jdbc.BadSqlGrammarException: &#13;
### Error updating database.  Cause: java.sql.SQLSyntaxErrorException: ORA-00917: 누락된 콤마
&#13;
### The error may exist in com/ict/mapper/Sample1Mapper.java (best guess)&#13;
### The error may involve com.ict.mapper.Sample1Mapper.insertCol1-Inline&#13;
### The error occurred while setting parameters&#13;
### SQL: insert into tbl_test1 (col1) values (?&#13;
### Cause: java.sql.SQLSyntaxErrorException: ORA-00917: 누락된 콤마

; bad SQL grammar []; nested exception is java.sql.SQLSyntaxErrorException: ORA-00917: 누락된 콤마
&#13;
	at org.springframework.jdbc.support.SQLErrorCodeSQLExceptionTranslator.doTranslate(SQLErrorCodeSQLExceptionTranslator.java:234)&#13;
	at org.springframework.jdbc.support.AbstractFallbackSQLExceptionTranslator.translate(AbstractFallbackSQLExceptionTranslator.java:72)&#13;
	at org.mybatis.spring.MyBatisExceptionTranslator.translateExceptionIfPossible(MyBatisExceptionTranslator.java:91)&#13;
	at org.mybatis.spring.SqlSessionTemplate$SqlSessionInterceptor.invoke(SqlSessionTemplate.java:441)&#13;
	at com.sun.proxy.$Proxy31.insert(Unknown Source)&#13;
	at org.mybatis.spring.SqlSessionTemplate.insert(SqlSessionTemplate.java:272)&#13;
	at org.apache.ibatis.binding.MapperMethod.execute(MapperMethod.java:62)&#13;
	at org.apache.ibatis.binding.MapperProxy$PlainMethodInvoker.invoke(MapperProxy.java:152)&#13;
	at org.apache.ibatis.binding.MapperProxy.invoke(MapperProxy.java:85)&#13;
	at com.sun.proxy.$Proxy33.insertCol1(Unknown Source)&#13;
	at com.ict.service.SampleTxServiceimpl.addData(SampleTxServiceimpl.java:24)&#13;
	at com.ict.service.SampleTxServiceTests.testInsert(SampleTxServiceTests.java:23)&#13;
	at java.base/jdk.internal.reflect.NativeMethodAccessorImpl.invoke0(Native Method)&#13;
	at java.base/jdk.internal.reflect.NativeMethodAccessorImpl.invoke(NativeMethodAccessorImpl.java:62)&#13;
	at java.base/jdk.internal.reflect.DelegatingMethodAccessorImpl.invoke(DelegatingMethodAccessorImpl.java:43)&#13;
	at java.base/java.lang.reflect.Method.invoke(Method.java:566)&#13;
	at org.junit.runners.model.FrameworkMethod$1.runReflectiveCall(FrameworkMethod.java:50)&#13;
	at org.junit.internal.runners.model.ReflectiveCallable.run(ReflectiveCallable.java:12)&#13;
	at org.junit.runners.model.FrameworkMethod.invokeExplosively(FrameworkMethod.java:47)&#13;
	at org.junit.internal.runners.statements.InvokeMethod.evaluate(InvokeMethod.java:17)&#13;
	at org.springframework.test.context.junit4.statements.RunBeforeTestExecutionCallbacks.evaluate(RunBeforeTestExecutionCallbacks.java:73)&#13;
	at org.springframework.test.context.junit4.statements.RunAfterTestExecutionCallbacks.evaluate(RunAfterTestExecutionCallbacks.java:83)&#13;
	at org.springframework.test.context.junit4.statements.RunBeforeTestMethodCallbacks.evaluate(RunBeforeTestMethodCallbacks.java:75)&#13;
	at org.springframework.test.context.junit4.statements.RunAfterTestMethodCallbacks.evaluate(RunAfterTestMethodCallbacks.java:86)&#13;
	at org.springframework.test.context.junit4.statements.SpringRepeat.evaluate(SpringRepeat.java:84)&#13;
	at org.junit.runners.ParentRunner.runLeaf(ParentRunner.java:325)&#13;
	at org.springframework.test.context.junit4.SpringJUnit4ClassRunner.runChild(SpringJUnit4ClassRunner.java:251)&#13;
	at org.springframework.test.context.junit4.SpringJUnit4ClassRunner.runChild(SpringJUnit4ClassRunner.java:97)&#13;
	at org.junit.runners.ParentRunner$3.run(ParentRunner.java:290)&#13;
	at org.junit.runners.ParentRunner$1.schedule(ParentRunner.java:71)&#13;
	at org.junit.runners.ParentRunner.runChildren(ParentRunner.java:288)&#13;
	at org.junit.runners.ParentRunner.access$000(ParentRunner.java:58)&#13;
	at org.junit.runners.ParentRunner$2.evaluate(ParentRunner.java:268)&#13;
	at org.springframework.test.context.junit4.statements.RunBeforeTestClassCallbacks.evaluate(RunBeforeTestClassCallbacks.java:61)&#13;
	at org.springframework.test.context.junit4.statements.RunAfterTestClassCallbacks.evaluate(RunAfterTestClassCallbacks.java:70)&#13;
	at org.junit.runners.ParentRunner.run(ParentRunner.java:363)&#13;
	at org.springframework.test.context.junit4.SpringJUnit4ClassRunner.run(SpringJUnit4ClassRunner.java:190)&#13;
	at org.eclipse.jdt.internal.junit4.runner.JUnit4TestReference.run(JUnit4TestReference.java:93)&#13;
	at org.eclipse.jdt.internal.junit.runner.TestExecution.run(TestExecution.java:40)&#13;
	at org.eclipse.jdt.internal.junit.runner.RemoteTestRunner.runTests(RemoteTestRunner.java:529)&#13;
	at org.eclipse.jdt.internal.junit.runner.RemoteTestRunner.runTests(RemoteTestRunner.java:756)&#13;
	at org.eclipse.jdt.internal.junit.runner.RemoteTestRunner.run(RemoteTestRunner.java:452)&#13;
	at org.eclipse.jdt.internal.junit.runner.RemoteTestRunner.main(RemoteTestRunner.java:210)&#13;
Caused by: java.sql.SQLSyntaxErrorException: ORA-00917: 누락된 콤마
&#13;
	at oracle.jdbc.driver.T4CTTIoer11.processError(T4CTTIoer11.java:494)&#13;
	at oracle.jdbc.driver.T4CTTIoer11.processError(T4CTTIoer11.java:446)&#13;
	at oracle.jdbc.driver.T4C8Oall.processError(T4C8Oall.java:1052)&#13;
	at oracle.jdbc.driver.T4CTTIfun.receive(T4CTTIfun.java:540)&#13;
	at oracle.jdbc.driver.T4CTTIfun.doRPC(T4CTTIfun.java:256)&#13;
	at oracle.jdbc.driver.T4C8Oall.doOALL(T4C8Oall.java:610)&#13;
	at oracle.jdbc.driver.T4CPreparedStatement.doOall8(T4CPreparedStatement.java:253)&#13;
	at oracle.jdbc.driver.T4CPreparedStatement.doOall8(T4CPreparedStatement.java:86)&#13;
	at oracle.jdbc.driver.T4CPreparedStatement.executeForRows(T4CPreparedStatement.java:928)&#13;
	at oracle.jdbc.driver.OracleStatement.doExecuteWithTimeout(OracleStatement.java:1136)&#13;
	at oracle.jdbc.driver.OraclePreparedStatement.executeInternal(OraclePreparedStatement.java:3640)&#13;
	at oracle.jdbc.driver.T4CPreparedStatement.executeInternal(T4CPreparedStatement.java:1384)&#13;
	at oracle.jdbc.driver.OraclePreparedStatement.execute(OraclePreparedStatement.java:3752)&#13;
	at oracle.jdbc.driver.OraclePreparedStatementWrapper.execute(OraclePreparedStatementWrapper.java:1079)&#13;
	at net.sf.log4jdbc.sql.jdbcapi.PreparedStatementSpy.execute(PreparedStatementSpy.java:443)&#13;
	at com.zaxxer.hikari.pool.ProxyPreparedStatement.execute(ProxyPreparedStatement.java:44)&#13;
	at com.zaxxer.hikari.pool.HikariProxyPreparedStatement.execute(HikariProxyPreparedStatement.java)&#13;
	at org.apache.ibatis.executor.statement.PreparedStatementHandler.update(PreparedStatementHandler.java:47)&#13;
	at org.apache.ibatis.executor.statement.RoutingStatementHandler.update(RoutingStatementHandler.java:74)&#13;
	at org.apache.ibatis.executor.SimpleExecutor.doUpdate(SimpleExecutor.java:50)&#13;
	at org.apache.ibatis.executor.BaseExecutor.update(BaseExecutor.java:117)&#13;
	at org.apache.ibatis.executor.CachingExecutor.update(CachingExecutor.java:76)&#13;
	at org.apache.ibatis.session.defaults.DefaultSqlSession.update(DefaultSqlSession.java:197)&#13;
	at org.apache.ibatis.session.defaults.DefaultSqlSession.insert(DefaultSqlSession.java:184)&#13;
	at java.base/jdk.internal.reflect.NativeMethodAccessorImpl.invoke0(Native Method)&#13;
	at java.base/jdk.internal.reflect.NativeMethodAccessorImpl.invoke(NativeMethodAccessorImpl.java:62)&#13;
	at java.base/jdk.internal.reflect.DelegatingMethodAccessorImpl.invoke(DelegatingMethodAccessorImpl.java:43)&#13;
	at java.base/java.lang.reflect.Method.invoke(Method.java:566)&#13;
	at org.mybatis.spring.SqlSessionTemplate$SqlSessionInterceptor.invoke(SqlSessionTemplate.java:427)&#13;
	... 39 more&#13;
Caused by: Error : 917, Position : 40, Sql = insert into tbl_test1 (col1) values (:1 , OriginalSql = insert into tbl_test1 (col1) values (?, Error Msg = ORA-00917: 누락된 콤마
&#13;
	at oracle.jdbc.driver.T4CTTIoer11.processError(T4CTTIoer11.java:498)&#13;
	... 67 more&#13;
&#13;
</error>
    </testcase>
  </testsuite>
</testrun>
